<?xml version="1.0" encoding="UTF-8"?>
<coverage generated="1760321350609" clover="3.2.0">
  <project timestamp="1760321350609" name="All files">
    <metrics statements="24" coveredstatements="24" conditionals="8" coveredconditionals="7" methods="12" coveredmethods="12" elements="44" coveredelements="43" complexity="0" loc="24" ncloc="24" packages="1" files="2" classes="2"/>
    <file name="AddTodoForm.js" path="C:\Users\HP\Documents\alx-fe-reactjs\react-todo\src\AddTodoForm.js">
      <metrics statements="9" coveredstatements="9" conditionals="2" coveredconditionals="2" methods="3" coveredmethods="3"/>
      <line num="3" count="2" type="stmt"/>
      <line num="4" count="23" type="stmt"/>
      <line num="6" count="23" type="stmt"/>
      <line num="7" count="6" type="stmt"/>
      <line num="8" count="6" type="cond" truecount="2" falsecount="0"/>
      <line num="9" count="4" type="stmt"/>
      <line num="10" count="4" type="stmt"/>
      <line num="14" count="23" type="stmt"/>
      <line num="19" count="4" type="stmt"/>
    </file>
    <file name="TodoList.js" path="C:\Users\HP\Documents\alx-fe-reactjs\react-todo\src\TodoList.js">
      <metrics statements="15" coveredstatements="15" conditionals="6" coveredconditionals="5" methods="9" coveredmethods="9"/>
      <line num="4" count="1" type="stmt"/>
      <line num="6" count="13" type="stmt"/>
      <line num="13" count="13" type="stmt"/>
      <line num="14" count="2" type="cond" truecount="1" falsecount="1"/>
      <line num="15" count="2" type="stmt"/>
      <line num="20" count="2" type="stmt"/>
      <line num="25" count="13" type="stmt"/>
      <line num="26" count="3" type="stmt"/>
      <line num="27" count="10" type="cond" truecount="2" falsecount="0"/>
      <line num="32" count="13" type="stmt"/>
      <line num="33" count="7" type="stmt"/>
      <line num="36" count="13" type="stmt"/>
      <line num="41" count="41" type="stmt"/>
      <line num="47" count="3" type="stmt"/>
      <line num="54" count="2" type="stmt"/>
    </file>
  </project>
</coverage>
