{"C:\\Users\\HP\\Documents\\alx-fe-reactjs\\react-todo\\src\\AddTodoForm.js": {"path":"C:\\Users\\HP\\Documents\\alx-fe-reactjs\\react-todo\\src\\AddTodoForm.js","statementMap":{"0":{"start":{"line":3,"column":20},"end":{"line":28,"column":1}},"1":{"start":{"line":4,"column":38},"end":{"line":4,"column":50}},"2":{"start":{"line":6,"column":23},"end":{"line":12,"column":3}},"3":{"start":{"line":7,"column":4},"end":{"line":7,"column":23}},"4":{"start":{"line":8,"column":4},"end":{"line":11,"column":5}},"5":{"start":{"line":9,"column":6},"end":{"line":9,"column":28}},"6":{"start":{"line":10,"column":6},"end":{"line":10,"column":24}},"7":{"start":{"line":14,"column":2},"end":{"line":27,"column":4}},"8":{"start":{"line":19,"column":25},"end":{"line":19,"column":54}}},"fnMap":{"0":{"name":"(anonymous_0)","decl":{"start":{"line":3,"column":20},"end":{"line":3,"column":21}},"loc":{"start":{"line":3,"column":39},"end":{"line":28,"column":1}},"line":3},"1":{"name":"(anonymous_1)","decl":{"start":{"line":6,"column":23},"end":{"line":6,"column":24}},"loc":{"start":{"line":6,"column":30},"end":{"line":12,"column":3}},"line":6},"2":{"name":"(anonymous_2)","decl":{"start":{"line":19,"column":18},"end":{"line":19,"column":19}},"loc":{"start":{"line":19,"column":25},"end":{"line":19,"column":54}},"line":19}},"branchMap":{"0":{"loc":{"start":{"line":8,"column":4},"end":{"line":11,"column":5}},"type":"if","locations":[{"start":{"line":8,"column":4},"end":{"line":11,"column":5}},{"start":{},"end":{}}],"line":8}},"s":{"0":2,"1":23,"2":23,"3":6,"4":6,"5":4,"6":4,"7":23,"8":4},"f":{"0":23,"1":6,"2":4},"b":{"0":[4,2]},"_coverageSchema":"1a1c01bbd47fc00a2c39e90264f33305004495a9","hash":"82ae6fd975783e4fd87c1d8eb6132356d5ef3106"}
,"C:\\Users\\HP\\Documents\\alx-fe-reactjs\\react-todo\\src\\TodoList.js": {"path":"C:\\Users\\HP\\Documents\\alx-fe-reactjs\\react-todo\\src\\TodoList.js","statementMap":{"0":{"start":{"line":4,"column":17},"end":{"line":65,"column":1}},"1":{"start":{"line":6,"column":28},"end":{"line":10,"column":4}},"2":{"start":{"line":13,"column":18},"end":{"line":22,"column":3}},"3":{"start":{"line":14,"column":4},"end":{"line":21,"column":5}},"4":{"start":{"line":15,"column":22},"end":{"line":19,"column":7}},"5":{"start":{"line":20,"column":6},"end":{"line":20,"column":36}},"6":{"start":{"line":25,"column":21},"end":{"line":29,"column":3}},"7":{"start":{"line":26,"column":4},"end":{"line":28,"column":7}},"8":{"start":{"line":27,"column":6},"end":{"line":27,"column":69}},"9":{"start":{"line":32,"column":21},"end":{"line":34,"column":3}},"10":{"start":{"line":33,"column":4},"end":{"line":33,"column":51}},"11":{"start":{"line":33,"column":34},"end":{"line":33,"column":48}},"12":{"start":{"line":36,"column":2},"end":{"line":64,"column":4}},"13":{"start":{"line":41,"column":10},"end":{"line":60,"column":16}},"14":{"start":{"line":47,"column":29},"end":{"line":47,"column":48}},"15":{"start":{"line":54,"column":29},"end":{"line":54,"column":48}}},"fnMap":{"0":{"name":"(anonymous_0)","decl":{"start":{"line":4,"column":17},"end":{"line":4,"column":18}},"loc":{"start":{"line":4,"column":23},"end":{"line":65,"column":1}},"line":4},"1":{"name":"(anonymous_1)","decl":{"start":{"line":13,"column":18},"end":{"line":13,"column":19}},"loc":{"start":{"line":13,"column":28},"end":{"line":22,"column":3}},"line":13},"2":{"name":"(anonymous_2)","decl":{"start":{"line":25,"column":21},"end":{"line":25,"column":22}},"loc":{"start":{"line":25,"column":29},"end":{"line":29,"column":3}},"line":25},"3":{"name":"(anonymous_3)","decl":{"start":{"line":26,"column":23},"end":{"line":26,"column":24}},"loc":{"start":{"line":27,"column":6},"end":{"line":27,"column":69}},"line":27},"4":{"name":"(anonymous_4)","decl":{"start":{"line":32,"column":21},"end":{"line":32,"column":22}},"loc":{"start":{"line":32,"column":29},"end":{"line":34,"column":3}},"line":32},"5":{"name":"(anonymous_5)","decl":{"start":{"line":33,"column":26},"end":{"line":33,"column":27}},"loc":{"start":{"line":33,"column":34},"end":{"line":33,"column":48}},"line":33},"6":{"name":"(anonymous_6)","decl":{"start":{"line":40,"column":19},"end":{"line":40,"column":20}},"loc":{"start":{"line":41,"column":10},"end":{"line":60,"column":16}},"line":41},"7":{"name":"(anonymous_7)","decl":{"start":{"line":47,"column":23},"end":{"line":47,"column":24}},"loc":{"start":{"line":47,"column":29},"end":{"line":47,"column":48}},"line":47},"8":{"name":"(anonymous_8)","decl":{"start":{"line":54,"column":23},"end":{"line":54,"column":24}},"loc":{"start":{"line":54,"column":29},"end":{"line":54,"column":48}},"line":54}},"branchMap":{"0":{"loc":{"start":{"line":14,"column":4},"end":{"line":21,"column":5}},"type":"if","locations":[{"start":{"line":14,"column":4},"end":{"line":21,"column":5}},{"start":{},"end":{}}],"line":14},"1":{"loc":{"start":{"line":27,"column":6},"end":{"line":27,"column":69}},"type":"cond-expr","locations":[{"start":{"line":27,"column":23},"end":{"line":27,"column":62}},{"start":{"line":27,"column":65},"end":{"line":27,"column":69}}],"line":27},"2":{"loc":{"start":{"line":43,"column":36},"end":{"line":43,"column":69}},"type":"cond-expr","locations":[{"start":{"line":43,"column":53},"end":{"line":43,"column":64}},{"start":{"line":43,"column":67},"end":{"line":43,"column":69}}],"line":43}},"s":{"0":1,"1":13,"2":13,"3":2,"4":2,"5":2,"6":13,"7":3,"8":10,"9":13,"10":2,"11":7,"12":13,"13":41,"14":3,"15":2},"f":{"0":13,"1":2,"2":3,"3":10,"4":2,"5":7,"6":41,"7":3,"8":2},"b":{"0":[2,0],"1":[3,7],"2":[3,38]},"_coverageSchema":"1a1c01bbd47fc00a2c39e90264f33305004495a9","hash":"2d4498bd3db49fb5faaf85453c09d2e6b2011c29"}
}
