TN:
SF:src\AddTodoForm.js
FN:3,(anonymous_0)
FN:6,(anonymous_1)
FN:19,(anonymous_2)
FNF:3
FNH:3
FNDA:23,(anonymous_0)
FNDA:6,(anonymous_1)
FNDA:4,(anonymous_2)
DA:3,2
DA:4,23
DA:6,23
DA:7,6
DA:8,6
DA:9,4
DA:10,4
DA:14,23
DA:19,4
LF:9
LH:9
BRDA:8,0,0,4
BRDA:8,0,1,2
BRF:2
BRH:2
end_of_record
TN:
SF:src\TodoList.js
FN:4,(anonymous_0)
FN:13,(anonymous_1)
FN:25,(anonymous_2)
FN:26,(anonymous_3)
FN:32,(anonymous_4)
FN:33,(anonymous_5)
FN:40,(anonymous_6)
FN:47,(anonymous_7)
FN:54,(anonymous_8)
FNF:9
FNH:9
FNDA:13,(anonymous_0)
FNDA:2,(anonymous_1)
FNDA:3,(anonymous_2)
FNDA:10,(anonymous_3)
FNDA:2,(anonymous_4)
FNDA:7,(anonymous_5)
FNDA:41,(anonymous_6)
FNDA:3,(anonymous_7)
FNDA:2,(anonymous_8)
DA:4,1
DA:6,13
DA:13,13
DA:14,2
DA:15,2
DA:20,2
DA:25,13
DA:26,3
DA:27,10
DA:32,13
DA:33,7
DA:36,13
DA:41,41
DA:47,3
DA:54,2
LF:15
LH:15
BRDA:14,0,0,2
BRDA:14,0,1,0
BRDA:27,1,0,3
BRDA:27,1,1,7
BRDA:43,2,0,3
BRDA:43,2,1,38
BRF:6
BRH:5
end_of_record
